main -- time : 1547018282.936830s
cree_arbre -- time : 1547018282.937035s
cree_arbre_aux -- time : 1547018282.937036s
parseur -- time : 1547018282.937037s
END -- time : 1547018282.937056s
inc_id -- time : 1547018282.937057s
END -- time : 1547018282.937058s
alloue_noeud -- time : 1547018282.937058s
END -- time : 1547018282.937059s
cree_arbre_aux -- time : 1547018282.937059s
parseur -- time : 1547018282.937059s
END -- time : 1547018282.937061s
inc_id -- time : 1547018282.937062s
END -- time : 1547018282.937062s
alloue_noeud -- time : 1547018282.937062s
END -- time : 1547018282.937063s
cree_arbre_aux -- time : 1547018282.937063s
parseur -- time : 1547018282.937064s
END -- time : 1547018282.937065s
inc_id -- time : 1547018282.937065s
END -- time : 1547018282.937066s
alloue_noeud -- time : 1547018282.937066s
END -- time : 1547018282.937066s
cree_arbre_aux -- time : 1547018282.937067s
parseur -- time : 1547018282.937067s
END -- time : 1547018282.937068s
inc_id -- time : 1547018282.937069s
END -- time : 1547018282.937069s
alloue_noeud -- time : 1547018282.937070s
END -- time : 1547018282.937070s
cree_arbre_aux -- time : 1547018282.937070s
parseur -- time : 1547018282.937071s
END -- time : 1547018282.937072s
inc_id -- time : 1547018282.937072s
END -- time : 1547018282.937073s
alloue_noeud -- time : 1547018282.937073s
END -- time : 1547018282.937073s
cree_arbre_aux -- time : 1547018282.937074s
parseur -- time : 1547018282.937074s
END -- time : 1547018282.937075s
inc_id -- time : 1547018282.937076s
END -- time : 1547018282.937076s
alloue_noeud -- time : 1547018282.937076s
END -- time : 1547018282.937077s
cree_arbre_aux -- time : 1547018282.937077s
parseur -- time : 1547018282.937078s
END -- time : 1547018282.937079s
inc_id -- time : 1547018282.937079s
END -- time : 1547018282.937079s
alloue_noeud -- time : 1547018282.937080s
END -- time : 1547018282.937080s
cree_arbre_aux -- time : 1547018282.937081s
parseur -- time : 1547018282.937081s
END -- time : 1547018282.937082s
inc_id -- time : 1547018282.937083s
END -- time : 1547018282.937083s
alloue_noeud -- time : 1547018282.937083s
END -- time : 1547018282.937084s
cree_arbre_aux -- time : 1547018282.937084s
parseur -- time : 1547018282.937085s
END -- time : 1547018282.937086s
inc_id -- time : 1547018282.937086s
END -- time : 1547018282.937087s
alloue_noeud -- time : 1547018282.937087s
END -- time : 1547018282.937088s
cree_arbre_aux -- time : 1547018282.937088s
parseur -- time : 1547018282.937088s
END -- time : 1547018282.937089s
inc_id -- time : 1547018282.937090s
END -- time : 1547018282.937090s
alloue_noeud -- time : 1547018282.937090s
END -- time : 1547018282.937091s
cree_arbre_aux -- time : 1547018282.937091s
parseur -- time : 1547018282.937092s
END -- time : 1547018282.937093s
inc_id -- time : 1547018282.937093s
END -- time : 1547018282.937093s
alloue_noeud -- time : 1547018282.937094s
END -- time : 1547018282.937094s
cree_arbre_aux -- time : 1547018282.937095s
parseur -- time : 1547018282.937095s
END -- time : 1547018282.937096s
END -- time : 1547018282.937097s
cree_arbre_aux -- time : 1547018282.937097s
parseur -- time : 1547018282.937098s
END -- time : 1547018282.937099s
END -- time : 1547018282.937099s
END -- time : 1547018282.937100s
cree_arbre_aux -- time : 1547018282.937100s
parseur -- time : 1547018282.937101s
END -- time : 1547018282.937102s
END -- time : 1547018282.937102s
END -- time : 1547018282.937102s
cree_arbre_aux -- time : 1547018282.937103s
parseur -- time : 1547018282.937103s
END -- time : 1547018282.937104s
END -- time : 1547018282.937105s
END -- time : 1547018282.937105s
cree_arbre_aux -- time : 1547018282.937106s
parseur -- time : 1547018282.937106s
END -- time : 1547018282.937107s
END -- time : 1547018282.937108s
END -- time : 1547018282.937108s
cree_arbre_aux -- time : 1547018282.937109s
parseur -- time : 1547018282.937109s
END -- time : 1547018282.937111s
END -- time : 1547018282.937111s
END -- time : 1547018282.937112s
cree_arbre_aux -- time : 1547018282.937112s
parseur -- time : 1547018282.937112s
END -- time : 1547018282.937114s
END -- time : 1547018282.937114s
END -- time : 1547018282.937145s
cree_arbre_aux -- time : 1547018282.937146s
parseur -- time : 1547018282.937146s
END -- time : 1547018282.937148s
END -- time : 1547018282.937148s
END -- time : 1547018282.937148s
cree_arbre_aux -- time : 1547018282.937149s
parseur -- time : 1547018282.937149s
END -- time : 1547018282.937150s
END -- time : 1547018282.937151s
END -- time : 1547018282.937151s
cree_arbre_aux -- time : 1547018282.937151s
parseur -- time : 1547018282.937152s
END -- time : 1547018282.937153s
END -- time : 1547018282.937153s
END -- time : 1547018282.937153s
cree_arbre_aux -- time : 1547018282.937154s
parseur -- time : 1547018282.937154s
END -- time : 1547018282.937155s
END -- time : 1547018282.937156s
END -- time : 1547018282.937156s
cree_arbre_aux -- time : 1547018282.937156s
parseur -- time : 1547018282.937157s
END -- time : 1547018282.937159s
END -- time : 1547018282.937160s
END -- time : 1547018282.937160s
END -- time : 1547018282.937161s
cree_dot -- time : 1547018282.937197s
ecrire_debut -- time : 1547018282.937198s
END -- time : 1547018282.937228s
END -- time : 1547018282.937229s
cree_stat -- time : 1547018282.937316s
ecriture_generique -- time : 1547018282.937317s
insertion_generique -- time : 1547018282.937318s
ajoute_liste -- time : 1547018282.937318s
alloue_cellule -- time : 1547018282.937318s
END -- time : 1547018282.937319s
END -- time : 1547018282.937320s
END -- time : 1547018282.937320s
ecriture_generique -- time : 1547018282.937321s
insertion_generique -- time : 1547018282.937321s
ajoute_liste -- time : 1547018282.937322s
alloue_cellule -- time : 1547018282.937322s
END -- time : 1547018282.937323s
END -- time : 1547018282.937323s
END -- time : 1547018282.937324s
ecriture_generique -- time : 1547018282.937324s
insertion_generique -- time : 1547018282.937325s
ajoute_liste -- time : 1547018282.937325s
END -- time : 1547018282.937326s
END -- time : 1547018282.937326s
ecriture_generique -- time : 1547018282.937326s
insertion_generique -- time : 1547018282.937327s
ajoute_liste -- time : 1547018282.937328s
END -- time : 1547018282.937328s
END -- time : 1547018282.937329s
ecriture_generique -- time : 1547018282.937329s
insertion_generique -- time : 1547018282.937330s
ajoute_liste -- time : 1547018282.937330s
END -- time : 1547018282.937330s
END -- time : 1547018282.937331s
ecriture_generique -- time : 1547018282.937331s
insertion_generique -- time : 1547018282.937332s
ajoute_liste -- time : 1547018282.937332s
END -- time : 1547018282.937332s
END -- time : 1547018282.937333s
ecriture_generique -- time : 1547018282.937333s
insertion_generique -- time : 1547018282.937334s
ajoute_liste -- time : 1547018282.937334s
END -- time : 1547018282.937334s
END -- time : 1547018282.937335s
ecriture_generique -- time : 1547018282.937335s
insertion_generique -- time : 1547018282.937336s
ajoute_liste -- time : 1547018282.937336s
END -- time : 1547018282.937336s
END -- time : 1547018282.937337s
ecriture_generique -- time : 1547018282.937337s
insertion_generique -- time : 1547018282.937337s
ajoute_liste -- time : 1547018282.937338s
END -- time : 1547018282.937339s
END -- time : 1547018282.937339s
ecriture_generique -- time : 1547018282.937339s
insertion_generique -- time : 1547018282.937340s
ajoute_liste -- time : 1547018282.937340s
END -- time : 1547018282.937341s
END -- time : 1547018282.937341s
ecriture_generique -- time : 1547018282.937342s
insertion_generique -- time : 1547018282.937342s
ajoute_liste -- time : 1547018282.937343s
END -- time : 1547018282.937343s
END -- time : 1547018282.937344s
ecriture_generique -- time : 1547018282.937344s
END -- time : 1547018282.937345s
ecriture_generique -- time : 1547018282.937345s
END -- time : 1547018282.937346s
END -- time : 1547018282.937346s
ecriture_generique -- time : 1547018282.937347s
END -- time : 1547018282.937347s
END -- time : 1547018282.937348s
ecriture_generique -- time : 1547018282.937348s
END -- time : 1547018282.937349s
END -- time : 1547018282.937350s
ecriture_generique -- time : 1547018282.937350s
END -- time : 1547018282.937351s
END -- time : 1547018282.937351s
ecriture_generique -- time : 1547018282.937365s
END -- time : 1547018282.937366s
END -- time : 1547018282.937367s
ecriture_generique -- time : 1547018282.937367s
END -- time : 1547018282.937367s
END -- time : 1547018282.937368s
ecriture_generique -- time : 1547018282.937368s
END -- time : 1547018282.937369s
END -- time : 1547018282.937369s
ecriture_generique -- time : 1547018282.937370s
END -- time : 1547018282.937370s
END -- time : 1547018282.937371s
ecriture_generique -- time : 1547018282.937371s
END -- time : 1547018282.937372s
END -- time : 1547018282.937372s
ecriture_generique -- time : 1547018282.937373s
END -- time : 1547018282.937373s
END -- time : 1547018282.937373s
ecriture_generique -- time : 1547018282.937374s
END -- time : 1547018282.937374s
END -- time : 1547018282.937375s
END -- time : 1547018282.937375s
affiche_liste -- time : 1547018282.937376s
faffiche_liste -- time : 1547018282.937377s
END -- time : 1547018282.937446s
END -- time : 1547018282.937447s
libere_arbre -- time : 1547018282.937451s
libere_arbre -- time : 1547018282.937452s
libere_arbre -- time : 1547018282.937452s
libere_arbre -- time : 1547018282.937453s
libere_arbre -- time : 1547018282.937453s
libere_arbre -- time : 1547018282.937453s
libere_arbre -- time : 1547018282.937454s
libere_arbre -- time : 1547018282.937454s
libere_arbre -- time : 1547018282.937455s
libere_arbre -- time : 1547018282.937455s
libere_arbre -- time : 1547018282.937456s
libere_arbre -- time : 1547018282.937456s
END -- time : 1547018282.937457s
libere_arbre -- time : 1547018282.937457s
END -- time : 1547018282.937458s
END -- time : 1547018282.937458s
libere_arbre -- time : 1547018282.937459s
END -- time : 1547018282.937459s
END -- time : 1547018282.937459s
libere_arbre -- time : 1547018282.937460s
END -- time : 1547018282.937460s
END -- time : 1547018282.937461s
libere_arbre -- time : 1547018282.937461s
END -- time : 1547018282.937462s
END -- time : 1547018282.937462s
libere_arbre -- time : 1547018282.937463s
END -- time : 1547018282.937463s
END -- time : 1547018282.937464s
libere_arbre -- time : 1547018282.937464s
END -- time : 1547018282.937465s
END -- time : 1547018282.937465s
libere_arbre -- time : 1547018282.937466s
END -- time : 1547018282.937466s
END -- time : 1547018282.937467s
libere_arbre -- time : 1547018282.937467s
END -- time : 1547018282.937467s
END -- time : 1547018282.937468s
libere_arbre -- time : 1547018282.937468s
END -- time : 1547018282.937469s
END -- time : 1547018282.937470s
libere_arbre -- time : 1547018282.937470s
END -- time : 1547018282.937471s
END -- time : 1547018282.937471s
libere_arbre -- time : 1547018282.937472s
END -- time : 1547018282.937472s
END -- time : 1547018282.937473s
liberer_liste -- time : 1547018282.937473s
END -- time : 1547018282.937474s
